<?xml version="1.0" encoding="UTF-8"?>
<!-- Generated by org.testng.reporters.JUnitXMLReporter -->
<testsuite ignored="0" hostname="DESKTOP-TCB77E3" failures="0" tests="7" name="Default test" time="93.535" errors="0" timestamp="2024-02-21T14:11:20 IST">
  <testcase classname="com.qa.sportyshoes.Tests.ProductsTest" name="test_user_login" time="20.258"/>
  <testcase classname="com.qa.sportyshoes.Tests.ProductsTest" name="test_product_addtoCart" time="9.289"/>
  <testcase classname="com.qa.sportyshoes.Tests.ProductsTest" name="test_HomeBTN" time="2.738"/>
  <testcase classname="com.qa.sportyshoes.Tests.ProductsTest" name="test_CartBTN" time="1.6"/>
  <testcase classname="com.qa.sportyshoes.Tests.ProductsTest" name="test_placeorderBTN" time="1.351"/>
  <testcase classname="com.qa.sportyshoes.Tests.ProductsTest" name="test_orders" time="2.253"/>
  <testcase classname="com.qa.sportyshoes.Tests.ProductsTest" name="test_logout" time="1.46"/>
</testsuite> <!-- Default test -->
