<?xml version="1.0" encoding="UTF-8"?>
<testng-results ignored="0" total="7" passed="7" failed="0" skipped="0">
  <reporter-output>
  </reporter-output>
  <suite started-at="2024-02-21T14:09:46 IST" name="Default suite" finished-at="2024-02-21T14:11:19 IST" duration-ms="93535">
    <groups>
    </groups>
    <test started-at="2024-02-21T14:09:46 IST" name="Default test" finished-at="2024-02-21T14:11:19 IST" duration-ms="93535">
      <class name="com.qa.sportyshoes.Tests.ProductsTest">
        <test-method is-config="true" signature="start_browser()[pri:0, instance:com.qa.sportyshoes.Tests.ProductsTest@3ba987b8]" started-at="2024-02-21T14:09:46 IST" name="start_browser" finished-at="2024-02-21T14:10:40 IST" duration-ms="54223" status="PASS">
          <reporter-output>
          </reporter-output>
        </test-method> <!-- start_browser -->
        <test-method signature="test_user_login()[pri:49, instance:com.qa.sportyshoes.Tests.ProductsTest@3ba987b8]" started-at="2024-02-21T14:10:40 IST" name="test_user_login" finished-at="2024-02-21T14:11:01 IST" duration-ms="20258" status="PASS">
          <reporter-output>
          </reporter-output>
        </test-method> <!-- test_user_login -->
        <test-method signature="test_product_addtoCart()[pri:50, instance:com.qa.sportyshoes.Tests.ProductsTest@3ba987b8]" started-at="2024-02-21T14:11:01 IST" name="test_product_addtoCart" finished-at="2024-02-21T14:11:10 IST" duration-ms="9289" status="PASS">
          <reporter-output>
          </reporter-output>
        </test-method> <!-- test_product_addtoCart -->
        <test-method signature="test_HomeBTN()[pri:51, instance:com.qa.sportyshoes.Tests.ProductsTest@3ba987b8]" started-at="2024-02-21T14:11:10 IST" name="test_HomeBTN" finished-at="2024-02-21T14:11:13 IST" duration-ms="2738" status="PASS">
          <reporter-output>
          </reporter-output>
        </test-method> <!-- test_HomeBTN -->
        <test-method signature="test_CartBTN()[pri:52, instance:com.qa.sportyshoes.Tests.ProductsTest@3ba987b8]" started-at="2024-02-21T14:11:13 IST" name="test_CartBTN" finished-at="2024-02-21T14:11:14 IST" duration-ms="1600" status="PASS">
          <reporter-output>
          </reporter-output>
        </test-method> <!-- test_CartBTN -->
        <test-method signature="test_placeorderBTN()[pri:53, instance:com.qa.sportyshoes.Tests.ProductsTest@3ba987b8]" started-at="2024-02-21T14:11:14 IST" name="test_placeorderBTN" finished-at="2024-02-21T14:11:16 IST" duration-ms="1351" status="PASS">
          <reporter-output>
          </reporter-output>
        </test-method> <!-- test_placeorderBTN -->
        <test-method signature="test_orders()[pri:54, instance:com.qa.sportyshoes.Tests.ProductsTest@3ba987b8]" started-at="2024-02-21T14:11:16 IST" name="test_orders" finished-at="2024-02-21T14:11:18 IST" duration-ms="2253" status="PASS">
          <reporter-output>
          </reporter-output>
        </test-method> <!-- test_orders -->
        <test-method signature="test_logout()[pri:55, instance:com.qa.sportyshoes.Tests.ProductsTest@3ba987b8]" started-at="2024-02-21T14:11:18 IST" name="test_logout" finished-at="2024-02-21T14:11:19 IST" duration-ms="1460" status="PASS">
          <reporter-output>
          </reporter-output>
        </test-method> <!-- test_logout -->
      </class> <!-- com.qa.sportyshoes.Tests.ProductsTest -->
    </test> <!-- Default test -->
  </suite> <!-- Default suite -->
</testng-results>
